15:20:56.546 INFO [GridLauncherV3.launch] - Selenium build info: version: '3.10.0', revision: '176b4a9'
15:20:56.546 INFO [GridLauncherV3$1.launch] - Launching a standalone Selenium Server on port 4444
2018-03-07 15:20:56.793:INFO::main: Logging initialized @730ms to org.seleniumhq.jetty9.util.log.StdErrLog
15:20:57.122 INFO [SeleniumServer.boot] - Selenium Server is up and running on port 4444
15:20:57.607 INFO [ActiveSessionFactory.apply] - Capabilities are: Capabilities {acceptSslCerts: true, browserName: firefox, javascriptEnabled: true, name: Artsyjewels\testcases\forgo...}
15:20:57.607 INFO [ActiveSessionFactory.lambda$apply$11] - Matched factory org.openqa.selenium.remote.server.ServicedSession$Factory (provider: org.openqa.selenium.firefox.GeckoDriverService)
1520407257712	geckodriver	INFO	geckodriver 0.19.1
1520407257712	geckodriver	INFO	Listening on 127.0.0.1:16402
1520407258708	mozrunner::runner	INFO	Running command: "C:\\Program Files\\Mozilla Firefox\\firefox.exe" "-marionette" "-profile" "C:\\Users\\Jiaaa\\AppData\\Local\\Temp\\rust_mozprofile.EPnQ0B2jwDD8"
Unable to read VR Path Registry from C:\Users\Jiaaa\AppData\Local\openvr\openvrpaths.vrpath
1520407259447	Marionette	INFO	Enabled via --marionette
Unable to read VR Path Registry from C:\Users\Jiaaa\AppData\Local\openvr\openvrpaths.vrpath
Unable to read VR Path Registry from C:\Users\Jiaaa\AppData\Local\openvr\openvrpaths.vrpath
Unable to read VR Path Registry from C:\Users\Jiaaa\AppData\Local\openvr\openvrpaths.vrpath
Unable to read VR Path Registry from C:\Users\Jiaaa\AppData\Local\openvr\openvrpaths.vrpath
1520407261146	Marionette	INFO	Listening on port 55451
15:21:01.991 INFO [ProtocolHandshake.createSession] - Detected dialect: W3C
15:21:02.038 INFO [RemoteSession$Factory.lambda$performHandshake$0] - Started new session 0e49f088-cc95-47ac-8f4f-ad9644660ae6 (org.openqa.selenium.firefox.GeckoDriverService)
JavaScript error: jar:file:///C:/Program%20Files/Mozilla%20Firefox/omni.ja!/components/nsSearchService.js, line 1767: NS_ERROR_NOT_AVAILABLE: Component returned failure code: 0x80040111 (NS_ERROR_NOT_AVAILABLE) [nsIChannel.contentType]
[Parent 9768, Gecko_IOThread] WARNING: pipe error: 109: file z:/build/build/src/ipc/chromium/src/chrome/common/ipc_channel_win.cc, line 346
15:21:19.617 INFO [ActiveSessions$1.onStop] - Removing session 0e49f088-cc95-47ac-8f4f-ad9644660ae6 (org.openqa.selenium.firefox.GeckoDriverService)
